<?xml version="1.0" encoding="UTF-8"?>
<testsuite xmlns:xsi="http://www.w3.org/2001/XMLSchema-instance" xsi:noNamespaceSchemaLocation="https://maven.apache.org/surefire/maven-surefire-plugin/xsd/surefire-test-report.xsd" name="cn.kgc.DemoRedisApplicationTests" time="2.692" tests="1" errors="0" skipped="0" failures="0">
  <properties>
    <property name="sun.desktop" value="windows"/>
    <property name="awt.toolkit" value="sun.awt.windows.WToolkit"/>
    <property name="file.encoding.pkg" value="sun.io"/>
    <property name="java.specification.version" value="1.8"/>
    <property name="sun.cpu.isalist" value="amd64"/>
    <property name="sun.jnu.encoding" value="GBK"/>
    <property name="java.class.path" value="E:\ideaworkspace2\lx\demo-redis\target\test-classes;E:\ideaworkspace2\lx\demo-redis\target\classes;E:\zhuomians\tcbd1016\setup\m2\m2\repository\org\springframework\boot\spring-boot-starter-data-redis\2.1.11.RELEASE\spring-boot-starter-data-redis-2.1.11.RELEASE.jar;E:\zhuomians\tcbd1016\setup\m2\m2\repository\org\springframework\boot\spring-boot-starter\2.1.11.RELEASE\spring-boot-starter-2.1.11.RELEASE.jar;E:\zhuomians\tcbd1016\setup\m2\m2\repository\org\springframework\boot\spring-boot\2.1.11.RELEASE\spring-boot-2.1.11.RELEASE.jar;E:\zhuomians\tcbd1016\setup\m2\m2\repository\org\springframework\boot\spring-boot-autoconfigure\2.1.11.RELEASE\spring-boot-autoconfigure-2.1.11.RELEASE.jar;E:\zhuomians\tcbd1016\setup\m2\m2\repository\org\springframework\boot\spring-boot-starter-logging\2.1.11.RELEASE\spring-boot-starter-logging-2.1.11.RELEASE.jar;E:\zhuomians\tcbd1016\setup\m2\m2\repository\ch\qos\logback\logback-classic\1.2.3\logback-classic-1.2.3.jar;E:\zhuomians\tcbd1016\setup\m2\m2\repository\ch\qos\logback\logback-core\1.2.3\logback-core-1.2.3.jar;E:\zhuomians\tcbd1016\setup\m2\m2\repository\org\apache\logging\log4j\log4j-to-slf4j\2.11.2\log4j-to-slf4j-2.11.2.jar;E:\zhuomians\tcbd1016\setup\m2\m2\repository\org\apache\logging\log4j\log4j-api\2.11.2\log4j-api-2.11.2.jar;E:\zhuomians\tcbd1016\setup\m2\m2\repository\org\slf4j\jul-to-slf4j\1.7.29\jul-to-slf4j-1.7.29.jar;E:\zhuomians\tcbd1016\setup\m2\m2\repository\javax\annotation\javax.annotation-api\1.3.2\javax.annotation-api-1.3.2.jar;E:\zhuomians\tcbd1016\setup\m2\m2\repository\org\yaml\snakeyaml\1.23\snakeyaml-1.23.jar;E:\zhuomians\tcbd1016\setup\m2\m2\repository\org\springframework\data\spring-data-redis\2.1.14.RELEASE\spring-data-redis-2.1.14.RELEASE.jar;E:\zhuomians\tcbd1016\setup\m2\m2\repository\org\springframework\data\spring-data-keyvalue\2.1.14.RELEASE\spring-data-keyvalue-2.1.14.RELEASE.jar;E:\zhuomians\tcbd1016\setup\m2\m2\repository\org\springframework\data\spring-data-commons\2.1.14.RELEASE\spring-data-commons-2.1.14.RELEASE.jar;E:\zhuomians\tcbd1016\setup\m2\m2\repository\org\springframework\spring-tx\5.1.12.RELEASE\spring-tx-5.1.12.RELEASE.jar;E:\zhuomians\tcbd1016\setup\m2\m2\repository\org\springframework\spring-oxm\5.1.12.RELEASE\spring-oxm-5.1.12.RELEASE.jar;E:\zhuomians\tcbd1016\setup\m2\m2\repository\org\springframework\spring-aop\5.1.12.RELEASE\spring-aop-5.1.12.RELEASE.jar;E:\zhuomians\tcbd1016\setup\m2\m2\repository\org\springframework\spring-context-support\5.1.12.RELEASE\spring-context-support-5.1.12.RELEASE.jar;E:\zhuomians\tcbd1016\setup\m2\m2\repository\org\slf4j\slf4j-api\1.7.29\slf4j-api-1.7.29.jar;E:\zhuomians\tcbd1016\setup\m2\m2\repository\io\lettuce\lettuce-core\5.1.8.RELEASE\lettuce-core-5.1.8.RELEASE.jar;E:\zhuomians\tcbd1016\setup\m2\m2\repository\io\netty\netty-common\4.1.43.Final\netty-common-4.1.43.Final.jar;E:\zhuomians\tcbd1016\setup\m2\m2\repository\io\netty\netty-handler\4.1.43.Final\netty-handler-4.1.43.Final.jar;E:\zhuomians\tcbd1016\setup\m2\m2\repository\io\netty\netty-buffer\4.1.43.Final\netty-buffer-4.1.43.Final.jar;E:\zhuomians\tcbd1016\setup\m2\m2\repository\io\netty\netty-codec\4.1.43.Final\netty-codec-4.1.43.Final.jar;E:\zhuomians\tcbd1016\setup\m2\m2\repository\io\netty\netty-transport\4.1.43.Final\netty-transport-4.1.43.Final.jar;E:\zhuomians\tcbd1016\setup\m2\m2\repository\io\netty\netty-resolver\4.1.43.Final\netty-resolver-4.1.43.Final.jar;E:\zhuomians\tcbd1016\setup\m2\m2\repository\org\springframework\boot\spring-boot-starter-data-redis-reactive\2.1.11.RELEASE\spring-boot-starter-data-redis-reactive-2.1.11.RELEASE.jar;E:\zhuomians\tcbd1016\setup\m2\m2\repository\org\springframework\boot\spring-boot-starter-web\2.1.11.RELEASE\spring-boot-starter-web-2.1.11.RELEASE.jar;E:\zhuomians\tcbd1016\setup\m2\m2\repository\org\springframework\boot\spring-boot-starter-json\2.1.11.RELEASE\spring-boot-starter-json-2.1.11.RELEASE.jar;E:\zhuomians\tcbd1016\setup\m2\m2\repository\com\fasterxml\jackson\core\jackson-databind\2.9.10.1\jackson-databind-2.9.10.1.jar;E:\zhuomians\tcbd1016\setup\m2\m2\repository\com\fasterxml\jackson\core\jackson-annotations\2.9.10\jackson-annotations-2.9.10.jar;E:\zhuomians\tcbd1016\setup\m2\m2\repository\com\fasterxml\jackson\core\jackson-core\2.9.10\jackson-core-2.9.10.jar;E:\zhuomians\tcbd1016\setup\m2\m2\repository\com\fasterxml\jackson\datatype\jackson-datatype-jdk8\2.9.10\jackson-datatype-jdk8-2.9.10.jar;E:\zhuomians\tcbd1016\setup\m2\m2\repository\com\fasterxml\jackson\datatype\jackson-datatype-jsr310\2.9.10\jackson-datatype-jsr310-2.9.10.jar;E:\zhuomians\tcbd1016\setup\m2\m2\repository\com\fasterxml\jackson\module\jackson-module-parameter-names\2.9.10\jackson-module-parameter-names-2.9.10.jar;E:\zhuomians\tcbd1016\setup\m2\m2\repository\org\springframework\boot\spring-boot-starter-tomcat\2.1.11.RELEASE\spring-boot-starter-tomcat-2.1.11.RELEASE.jar;E:\zhuomians\tcbd1016\setup\m2\m2\repository\org\apache\tomcat\embed\tomcat-embed-core\9.0.29\tomcat-embed-core-9.0.29.jar;E:\zhuomians\tcbd1016\setup\m2\m2\repository\org\apache\tomcat\embed\tomcat-embed-el\9.0.29\tomcat-embed-el-9.0.29.jar;E:\zhuomians\tcbd1016\setup\m2\m2\repository\org\apache\tomcat\embed\tomcat-embed-websocket\9.0.29\tomcat-embed-websocket-9.0.29.jar;E:\zhuomians\tcbd1016\setup\m2\m2\repository\org\hibernate\validator\hibernate-validator\6.0.18.Final\hibernate-validator-6.0.18.Final.jar;E:\zhuomians\tcbd1016\setup\m2\m2\repository\javax\validation\validation-api\2.0.1.Final\validation-api-2.0.1.Final.jar;E:\zhuomians\tcbd1016\setup\m2\m2\repository\org\jboss\logging\jboss-logging\3.3.3.Final\jboss-logging-3.3.3.Final.jar;E:\zhuomians\tcbd1016\setup\m2\m2\repository\com\fasterxml\classmate\1.4.0\classmate-1.4.0.jar;E:\zhuomians\tcbd1016\setup\m2\m2\repository\org\springframework\spring-web\5.1.12.RELEASE\spring-web-5.1.12.RELEASE.jar;E:\zhuomians\tcbd1016\setup\m2\m2\repository\org\springframework\spring-beans\5.1.12.RELEASE\spring-beans-5.1.12.RELEASE.jar;E:\zhuomians\tcbd1016\setup\m2\m2\repository\org\springframework\spring-webmvc\5.1.12.RELEASE\spring-webmvc-5.1.12.RELEASE.jar;E:\zhuomians\tcbd1016\setup\m2\m2\repository\org\springframework\spring-context\5.1.12.RELEASE\spring-context-5.1.12.RELEASE.jar;E:\zhuomians\tcbd1016\setup\m2\m2\repository\org\springframework\spring-expression\5.1.12.RELEASE\spring-expression-5.1.12.RELEASE.jar;E:\zhuomians\tcbd1016\setup\m2\m2\repository\org\springframework\boot\spring-boot-starter-test\2.1.11.RELEASE\spring-boot-starter-test-2.1.11.RELEASE.jar;E:\zhuomians\tcbd1016\setup\m2\m2\repository\org\springframework\boot\spring-boot-test\2.1.11.RELEASE\spring-boot-test-2.1.11.RELEASE.jar;E:\zhuomians\tcbd1016\setup\m2\m2\repository\org\springframework\boot\spring-boot-test-autoconfigure\2.1.11.RELEASE\spring-boot-test-autoconfigure-2.1.11.RELEASE.jar;E:\zhuomians\tcbd1016\setup\m2\m2\repository\com\jayway\jsonpath\json-path\2.4.0\json-path-2.4.0.jar;E:\zhuomians\tcbd1016\setup\m2\m2\repository\net\minidev\json-smart\2.3\json-smart-2.3.jar;E:\zhuomians\tcbd1016\setup\m2\m2\repository\net\minidev\accessors-smart\1.2\accessors-smart-1.2.jar;E:\zhuomians\tcbd1016\setup\m2\m2\repository\org\ow2\asm\asm\5.0.4\asm-5.0.4.jar;E:\zhuomians\tcbd1016\setup\m2\m2\repository\junit\junit\4.12\junit-4.12.jar;E:\zhuomians\tcbd1016\setup\m2\m2\repository\org\assertj\assertj-core\3.11.1\assertj-core-3.11.1.jar;E:\zhuomians\tcbd1016\setup\m2\m2\repository\org\mockito\mockito-core\2.23.4\mockito-core-2.23.4.jar;E:\zhuomians\tcbd1016\setup\m2\m2\repository\net\bytebuddy\byte-buddy\1.9.16\byte-buddy-1.9.16.jar;E:\zhuomians\tcbd1016\setup\m2\m2\repository\net\bytebuddy\byte-buddy-agent\1.9.16\byte-buddy-agent-1.9.16.jar;E:\zhuomians\tcbd1016\setup\m2\m2\repository\org\objenesis\objenesis\2.6\objenesis-2.6.jar;E:\zhuomians\tcbd1016\setup\m2\m2\repository\org\hamcrest\hamcrest-core\1.3\hamcrest-core-1.3.jar;E:\zhuomians\tcbd1016\setup\m2\m2\repository\org\hamcrest\hamcrest-library\1.3\hamcrest-library-1.3.jar;E:\zhuomians\tcbd1016\setup\m2\m2\repository\org\skyscreamer\jsonassert\1.5.0\jsonassert-1.5.0.jar;E:\zhuomians\tcbd1016\setup\m2\m2\repository\com\vaadin\external\google\android-json\0.0.20131108.vaadin1\android-json-0.0.20131108.vaadin1.jar;E:\zhuomians\tcbd1016\setup\m2\m2\repository\org\springframework\spring-core\5.1.12.RELEASE\spring-core-5.1.12.RELEASE.jar;E:\zhuomians\tcbd1016\setup\m2\m2\repository\org\springframework\spring-jcl\5.1.12.RELEASE\spring-jcl-5.1.12.RELEASE.jar;E:\zhuomians\tcbd1016\setup\m2\m2\repository\org\springframework\spring-test\5.1.12.RELEASE\spring-test-5.1.12.RELEASE.jar;E:\zhuomians\tcbd1016\setup\m2\m2\repository\org\xmlunit\xmlunit-core\2.6.3\xmlunit-core-2.6.3.jar;E:\zhuomians\tcbd1016\setup\m2\m2\repository\io\projectreactor\reactor-test\3.2.13.RELEASE\reactor-test-3.2.13.RELEASE.jar;E:\zhuomians\tcbd1016\setup\m2\m2\repository\io\projectreactor\reactor-core\3.2.13.RELEASE\reactor-core-3.2.13.RELEASE.jar;E:\zhuomians\tcbd1016\setup\m2\m2\repository\org\reactivestreams\reactive-streams\1.0.3\reactive-streams-1.0.3.jar;"/>
    <property name="java.vm.vendor" value="Oracle Corporation"/>
    <property name="sun.arch.data.model" value="64"/>
    <property name="user.variant" value=""/>
    <property name="java.vendor.url" value="http://java.oracle.com/"/>
    <property name="user.timezone" value="Asia/Shanghai"/>
    <property name="java.vm.specification.version" value="1.8"/>
    <property name="os.name" value="Windows 10"/>
    <property name="user.country" value="CN"/>
    <property name="sun.java.launcher" value="SUN_STANDARD"/>
    <property name="sun.boot.library.path" value="E:\tangcoo\Java\jdk1.8.0_221\jre\bin"/>
    <property name="sun.java.command" value="C:\Users\dell\AppData\Local\Temp\surefire1785274007732866801\surefirebooter5294518802521955522.jar C:\Users\dell\AppData\Local\Temp\surefire1785274007732866801 2020-01-03T19-07-27_993-jvmRun1 surefire6892193303565904469tmp surefire_02682751272413761402tmp"/>
    <property name="surefire.test.class.path" value="E:\ideaworkspace2\lx\demo-redis\target\test-classes;E:\ideaworkspace2\lx\demo-redis\target\classes;E:\zhuomians\tcbd1016\setup\m2\m2\repository\org\springframework\boot\spring-boot-starter-data-redis\2.1.11.RELEASE\spring-boot-starter-data-redis-2.1.11.RELEASE.jar;E:\zhuomians\tcbd1016\setup\m2\m2\repository\org\springframework\boot\spring-boot-starter\2.1.11.RELEASE\spring-boot-starter-2.1.11.RELEASE.jar;E:\zhuomians\tcbd1016\setup\m2\m2\repository\org\springframework\boot\spring-boot\2.1.11.RELEASE\spring-boot-2.1.11.RELEASE.jar;E:\zhuomians\tcbd1016\setup\m2\m2\repository\org\springframework\boot\spring-boot-autoconfigure\2.1.11.RELEASE\spring-boot-autoconfigure-2.1.11.RELEASE.jar;E:\zhuomians\tcbd1016\setup\m2\m2\repository\org\springframework\boot\spring-boot-starter-logging\2.1.11.RELEASE\spring-boot-starter-logging-2.1.11.RELEASE.jar;E:\zhuomians\tcbd1016\setup\m2\m2\repository\ch\qos\logback\logback-classic\1.2.3\logback-classic-1.2.3.jar;E:\zhuomians\tcbd1016\setup\m2\m2\repository\ch\qos\logback\logback-core\1.2.3\logback-core-1.2.3.jar;E:\zhuomians\tcbd1016\setup\m2\m2\repository\org\apache\logging\log4j\log4j-to-slf4j\2.11.2\log4j-to-slf4j-2.11.2.jar;E:\zhuomians\tcbd1016\setup\m2\m2\repository\org\apache\logging\log4j\log4j-api\2.11.2\log4j-api-2.11.2.jar;E:\zhuomians\tcbd1016\setup\m2\m2\repository\org\slf4j\jul-to-slf4j\1.7.29\jul-to-slf4j-1.7.29.jar;E:\zhuomians\tcbd1016\setup\m2\m2\repository\javax\annotation\javax.annotation-api\1.3.2\javax.annotation-api-1.3.2.jar;E:\zhuomians\tcbd1016\setup\m2\m2\repository\org\yaml\snakeyaml\1.23\snakeyaml-1.23.jar;E:\zhuomians\tcbd1016\setup\m2\m2\repository\org\springframework\data\spring-data-redis\2.1.14.RELEASE\spring-data-redis-2.1.14.RELEASE.jar;E:\zhuomians\tcbd1016\setup\m2\m2\repository\org\springframework\data\spring-data-keyvalue\2.1.14.RELEASE\spring-data-keyvalue-2.1.14.RELEASE.jar;E:\zhuomians\tcbd1016\setup\m2\m2\repository\org\springframework\data\spring-data-commons\2.1.14.RELEASE\spring-data-commons-2.1.14.RELEASE.jar;E:\zhuomians\tcbd1016\setup\m2\m2\repository\org\springframework\spring-tx\5.1.12.RELEASE\spring-tx-5.1.12.RELEASE.jar;E:\zhuomians\tcbd1016\setup\m2\m2\repository\org\springframework\spring-oxm\5.1.12.RELEASE\spring-oxm-5.1.12.RELEASE.jar;E:\zhuomians\tcbd1016\setup\m2\m2\repository\org\springframework\spring-aop\5.1.12.RELEASE\spring-aop-5.1.12.RELEASE.jar;E:\zhuomians\tcbd1016\setup\m2\m2\repository\org\springframework\spring-context-support\5.1.12.RELEASE\spring-context-support-5.1.12.RELEASE.jar;E:\zhuomians\tcbd1016\setup\m2\m2\repository\org\slf4j\slf4j-api\1.7.29\slf4j-api-1.7.29.jar;E:\zhuomians\tcbd1016\setup\m2\m2\repository\io\lettuce\lettuce-core\5.1.8.RELEASE\lettuce-core-5.1.8.RELEASE.jar;E:\zhuomians\tcbd1016\setup\m2\m2\repository\io\netty\netty-common\4.1.43.Final\netty-common-4.1.43.Final.jar;E:\zhuomians\tcbd1016\setup\m2\m2\repository\io\netty\netty-handler\4.1.43.Final\netty-handler-4.1.43.Final.jar;E:\zhuomians\tcbd1016\setup\m2\m2\repository\io\netty\netty-buffer\4.1.43.Final\netty-buffer-4.1.43.Final.jar;E:\zhuomians\tcbd1016\setup\m2\m2\repository\io\netty\netty-codec\4.1.43.Final\netty-codec-4.1.43.Final.jar;E:\zhuomians\tcbd1016\setup\m2\m2\repository\io\netty\netty-transport\4.1.43.Final\netty-transport-4.1.43.Final.jar;E:\zhuomians\tcbd1016\setup\m2\m2\repository\io\netty\netty-resolver\4.1.43.Final\netty-resolver-4.1.43.Final.jar;E:\zhuomians\tcbd1016\setup\m2\m2\repository\org\springframework\boot\spring-boot-starter-data-redis-reactive\2.1.11.RELEASE\spring-boot-starter-data-redis-reactive-2.1.11.RELEASE.jar;E:\zhuomians\tcbd1016\setup\m2\m2\repository\org\springframework\boot\spring-boot-starter-web\2.1.11.RELEASE\spring-boot-starter-web-2.1.11.RELEASE.jar;E:\zhuomians\tcbd1016\setup\m2\m2\repository\org\springframework\boot\spring-boot-starter-json\2.1.11.RELEASE\spring-boot-starter-json-2.1.11.RELEASE.jar;E:\zhuomians\tcbd1016\setup\m2\m2\repository\com\fasterxml\jackson\core\jackson-databind\2.9.10.1\jackson-databind-2.9.10.1.jar;E:\zhuomians\tcbd1016\setup\m2\m2\repository\com\fasterxml\jackson\core\jackson-annotations\2.9.10\jackson-annotations-2.9.10.jar;E:\zhuomians\tcbd1016\setup\m2\m2\repository\com\fasterxml\jackson\core\jackson-core\2.9.10\jackson-core-2.9.10.jar;E:\zhuomians\tcbd1016\setup\m2\m2\repository\com\fasterxml\jackson\datatype\jackson-datatype-jdk8\2.9.10\jackson-datatype-jdk8-2.9.10.jar;E:\zhuomians\tcbd1016\setup\m2\m2\repository\com\fasterxml\jackson\datatype\jackson-datatype-jsr310\2.9.10\jackson-datatype-jsr310-2.9.10.jar;E:\zhuomians\tcbd1016\setup\m2\m2\repository\com\fasterxml\jackson\module\jackson-module-parameter-names\2.9.10\jackson-module-parameter-names-2.9.10.jar;E:\zhuomians\tcbd1016\setup\m2\m2\repository\org\springframework\boot\spring-boot-starter-tomcat\2.1.11.RELEASE\spring-boot-starter-tomcat-2.1.11.RELEASE.jar;E:\zhuomians\tcbd1016\setup\m2\m2\repository\org\apache\tomcat\embed\tomcat-embed-core\9.0.29\tomcat-embed-core-9.0.29.jar;E:\zhuomians\tcbd1016\setup\m2\m2\repository\org\apache\tomcat\embed\tomcat-embed-el\9.0.29\tomcat-embed-el-9.0.29.jar;E:\zhuomians\tcbd1016\setup\m2\m2\repository\org\apache\tomcat\embed\tomcat-embed-websocket\9.0.29\tomcat-embed-websocket-9.0.29.jar;E:\zhuomians\tcbd1016\setup\m2\m2\repository\org\hibernate\validator\hibernate-validator\6.0.18.Final\hibernate-validator-6.0.18.Final.jar;E:\zhuomians\tcbd1016\setup\m2\m2\repository\javax\validation\validation-api\2.0.1.Final\validation-api-2.0.1.Final.jar;E:\zhuomians\tcbd1016\setup\m2\m2\repository\org\jboss\logging\jboss-logging\3.3.3.Final\jboss-logging-3.3.3.Final.jar;E:\zhuomians\tcbd1016\setup\m2\m2\repository\com\fasterxml\classmate\1.4.0\classmate-1.4.0.jar;E:\zhuomians\tcbd1016\setup\m2\m2\repository\org\springframework\spring-web\5.1.12.RELEASE\spring-web-5.1.12.RELEASE.jar;E:\zhuomians\tcbd1016\setup\m2\m2\repository\org\springframework\spring-beans\5.1.12.RELEASE\spring-beans-5.1.12.RELEASE.jar;E:\zhuomians\tcbd1016\setup\m2\m2\repository\org\springframework\spring-webmvc\5.1.12.RELEASE\spring-webmvc-5.1.12.RELEASE.jar;E:\zhuomians\tcbd1016\setup\m2\m2\repository\org\springframework\spring-context\5.1.12.RELEASE\spring-context-5.1.12.RELEASE.jar;E:\zhuomians\tcbd1016\setup\m2\m2\repository\org\springframework\spring-expression\5.1.12.RELEASE\spring-expression-5.1.12.RELEASE.jar;E:\zhuomians\tcbd1016\setup\m2\m2\repository\org\springframework\boot\spring-boot-starter-test\2.1.11.RELEASE\spring-boot-starter-test-2.1.11.RELEASE.jar;E:\zhuomians\tcbd1016\setup\m2\m2\repository\org\springframework\boot\spring-boot-test\2.1.11.RELEASE\spring-boot-test-2.1.11.RELEASE.jar;E:\zhuomians\tcbd1016\setup\m2\m2\repository\org\springframework\boot\spring-boot-test-autoconfigure\2.1.11.RELEASE\spring-boot-test-autoconfigure-2.1.11.RELEASE.jar;E:\zhuomians\tcbd1016\setup\m2\m2\repository\com\jayway\jsonpath\json-path\2.4.0\json-path-2.4.0.jar;E:\zhuomians\tcbd1016\setup\m2\m2\repository\net\minidev\json-smart\2.3\json-smart-2.3.jar;E:\zhuomians\tcbd1016\setup\m2\m2\repository\net\minidev\accessors-smart\1.2\accessors-smart-1.2.jar;E:\zhuomians\tcbd1016\setup\m2\m2\repository\org\ow2\asm\asm\5.0.4\asm-5.0.4.jar;E:\zhuomians\tcbd1016\setup\m2\m2\repository\junit\junit\4.12\junit-4.12.jar;E:\zhuomians\tcbd1016\setup\m2\m2\repository\org\assertj\assertj-core\3.11.1\assertj-core-3.11.1.jar;E:\zhuomians\tcbd1016\setup\m2\m2\repository\org\mockito\mockito-core\2.23.4\mockito-core-2.23.4.jar;E:\zhuomians\tcbd1016\setup\m2\m2\repository\net\bytebuddy\byte-buddy\1.9.16\byte-buddy-1.9.16.jar;E:\zhuomians\tcbd1016\setup\m2\m2\repository\net\bytebuddy\byte-buddy-agent\1.9.16\byte-buddy-agent-1.9.16.jar;E:\zhuomians\tcbd1016\setup\m2\m2\repository\org\objenesis\objenesis\2.6\objenesis-2.6.jar;E:\zhuomians\tcbd1016\setup\m2\m2\repository\org\hamcrest\hamcrest-core\1.3\hamcrest-core-1.3.jar;E:\zhuomians\tcbd1016\setup\m2\m2\repository\org\hamcrest\hamcrest-library\1.3\hamcrest-library-1.3.jar;E:\zhuomians\tcbd1016\setup\m2\m2\repository\org\skyscreamer\jsonassert\1.5.0\jsonassert-1.5.0.jar;E:\zhuomians\tcbd1016\setup\m2\m2\repository\com\vaadin\external\google\android-json\0.0.20131108.vaadin1\android-json-0.0.20131108.vaadin1.jar;E:\zhuomians\tcbd1016\setup\m2\m2\repository\org\springframework\spring-core\5.1.12.RELEASE\spring-core-5.1.12.RELEASE.jar;E:\zhuomians\tcbd1016\setup\m2\m2\repository\org\springframework\spring-jcl\5.1.12.RELEASE\spring-jcl-5.1.12.RELEASE.jar;E:\zhuomians\tcbd1016\setup\m2\m2\repository\org\springframework\spring-test\5.1.12.RELEASE\spring-test-5.1.12.RELEASE.jar;E:\zhuomians\tcbd1016\setup\m2\m2\repository\org\xmlunit\xmlunit-core\2.6.3\xmlunit-core-2.6.3.jar;E:\zhuomians\tcbd1016\setup\m2\m2\repository\io\projectreactor\reactor-test\3.2.13.RELEASE\reactor-test-3.2.13.RELEASE.jar;E:\zhuomians\tcbd1016\setup\m2\m2\repository\io\projectreactor\reactor-core\3.2.13.RELEASE\reactor-core-3.2.13.RELEASE.jar;E:\zhuomians\tcbd1016\setup\m2\m2\repository\org\reactivestreams\reactive-streams\1.0.3\reactive-streams-1.0.3.jar;"/>
    <property name="sun.cpu.endian" value="little"/>
    <property name="user.home" value="C:\Users\dell"/>
    <property name="user.language" value="zh"/>
    <property name="java.specification.vendor" value="Oracle Corporation"/>
    <property name="java.home" value="E:\tangcoo\Java\jdk1.8.0_221\jre"/>
    <property name="basedir" value="E:\ideaworkspace2\lx\demo-redis"/>
    <property name="file.separator" value="\"/>
    <property name="line.separator" value="&#10;"/>
    <property name="java.vm.specification.vendor" value="Oracle Corporation"/>
    <property name="java.specification.name" value="Java Platform API Specification"/>
    <property name="java.awt.graphicsenv" value="sun.awt.Win32GraphicsEnvironment"/>
    <property name="surefire.real.class.path" value="C:\Users\dell\AppData\Local\Temp\surefire1785274007732866801\surefirebooter5294518802521955522.jar"/>
    <property name="sun.boot.class.path" value="E:\tangcoo\Java\jdk1.8.0_221\jre\lib\resources.jar;E:\tangcoo\Java\jdk1.8.0_221\jre\lib\rt.jar;E:\tangcoo\Java\jdk1.8.0_221\jre\lib\sunrsasign.jar;E:\tangcoo\Java\jdk1.8.0_221\jre\lib\jsse.jar;E:\tangcoo\Java\jdk1.8.0_221\jre\lib\jce.jar;E:\tangcoo\Java\jdk1.8.0_221\jre\lib\charsets.jar;E:\tangcoo\Java\jdk1.8.0_221\jre\lib\jfr.jar;E:\tangcoo\Java\jdk1.8.0_221\jre\classes"/>
    <property name="user.script" value=""/>
    <property name="sun.management.compiler" value="HotSpot 64-Bit Tiered Compilers"/>
    <property name="java.runtime.version" value="1.8.0_221-b11"/>
    <property name="user.name" value="dell"/>
    <property name="path.separator" value=";"/>
    <property name="os.version" value="10.0"/>
    <property name="java.endorsed.dirs" value="E:\tangcoo\Java\jdk1.8.0_221\jre\lib\endorsed"/>
    <property name="java.runtime.name" value="Java(TM) SE Runtime Environment"/>
    <property name="file.encoding" value="GBK"/>
    <property name="java.vm.name" value="Java HotSpot(TM) 64-Bit Server VM"/>
    <property name="localRepository" value="E:\zhuomians\tcbd1016\setup\m2\m2\repository"/>
    <property name="java.vendor.url.bug" value="http://bugreport.sun.com/bugreport/"/>
    <property name="java.io.tmpdir" value="C:\Users\dell\AppData\Local\Temp\"/>
    <property name="java.version" value="1.8.0_221"/>
    <property name="user.dir" value="E:\ideaworkspace2\lx\demo-redis"/>
    <property name="os.arch" value="amd64"/>
    <property name="java.vm.specification.name" value="Java Virtual Machine Specification"/>
    <property name="java.awt.printerjob" value="sun.awt.windows.WPrinterJob"/>
    <property name="idea.version2019.3.1" value="true"/>
    <property name="sun.os.patch.level" value=""/>
    <property name="java.library.path" value="E:\tangcoo\Java\jdk1.8.0_221\jre\bin;C:\WINDOWS\Sun\Java\bin;C:\WINDOWS\system32;C:\WINDOWS;E:\xftp\;E:\xshell\;C:\WINDOWS\system32;C:\WINDOWS;C:\WINDOWS\System32\Wbem;C:\WINDOWS\System32\WindowsPowerShell\v1.0\;C:\WINDOWS\System32\OpenSSH\;E:\tangcoo\Java\jdk1.8.0_221\bin;E:\tangcoo\Java\jdk1.8.0_221\jre\bin;C:\Program Files\MariaDB 10.3\bin;E:\tangcoo\Java\jdk1.8.0_221;E:\mysql\mysql-5.7.27-winx64\bin;E:\zhuomian\tcbd1016\setup\apache-maven-3.6.1-bin\apache-maven-3.6.1\bin;E:\zhuomian\tcbd1016\setup\apache-tomcat-9.0.26;E:\Git\cmd;E:\tangcco\apache-maven-3.6.1\bin;C:\Users\dell\AppData\Local\Microsoft\WindowsApps;C:\Users\dell\AppData\Local\Programs\Microsoft VS Code Insiders\bin;E:\Microsoft VS Code Insiders\bin;."/>
    <property name="java.vm.info" value="mixed mode"/>
    <property name="java.vendor" value="Oracle Corporation"/>
    <property name="java.vm.version" value="25.221-b11"/>
    <property name="java.ext.dirs" value="E:\tangcoo\Java\jdk1.8.0_221\jre\lib\ext;C:\WINDOWS\Sun\Java\lib\ext"/>
    <property name="sun.io.unicode.encoding" value="UnicodeLittle"/>
    <property name="maven.repo.local" value="E:\zhuomians\tcbd1016\setup\m2\m2\repository"/>
    <property name="java.class.version" value="52.0"/>
  </properties>
  <testcase name="contextLoads" classname="cn.kgc.DemoRedisApplicationTests" time="0.107"/>
</testsuite>